0 info it worked if it ends with ok
1 verbose cli [ '/home/zlobi/.nvm/versions/node/v7.2.0/bin/node',
1 verbose cli   '/home/zlobi/.nvm/versions/node/v7.2.0/bin/npm',
1 verbose cli   'run',
1 verbose cli   'debug' ]
2 info using npm@3.10.9
3 info using node@v7.2.0
4 verbose config Skipping project config: /home/zlobi/.npmrc. (matches userconfig)
5 verbose stack Error: ENOENT: no such file or directory, open '/home/zlobi/package.json'
6 verbose cwd /home/zlobi/code/labs/scootbob2
7 error Linux 4.15.0-42-generic
8 error argv "/home/zlobi/.nvm/versions/node/v7.2.0/bin/node" "/home/zlobi/.nvm/versions/node/v7.2.0/bin/npm" "run" "debug"
9 error node v7.2.0
10 error npm  v3.10.9
11 error path /home/zlobi/package.json
12 error code ENOENT
13 error errno -2
14 error syscall open
15 error enoent ENOENT: no such file or directory, open '/home/zlobi/package.json'
16 error enoent ENOENT: no such file or directory, open '/home/zlobi/package.json'
16 error enoent This is most likely not a problem with npm itself
16 error enoent and is related to npm not being able to find a file.
17 verbose exit [ -2, true ]
