0 info it worked if it ends with ok
1 verbose cli [ '/home/zlobi/.nvm/versions/node/v7.2.0/bin/node',
1 verbose cli   '/home/zlobi/.nvm/versions/node/v7.2.0/bin/npm',
1 verbose cli   'run',
1 verbose cli   'debug' ]
2 info using npm@3.10.9
3 info using node@v7.2.0
4 verbose run-script [ 'predebug', 'debug', 'postdebug' ]
5 info lifecycle backend@0.0.0~predebug: backend@0.0.0
6 silly lifecycle backend@0.0.0~predebug: no script for predebug, continuing
7 info lifecycle backend@0.0.0~debug: backend@0.0.0
8 verbose lifecycle backend@0.0.0~debug: unsafe-perm in lifecycle true
9 verbose lifecycle backend@0.0.0~debug: PATH: /home/zlobi/.nvm/versions/node/v7.2.0/lib/node_modules/npm/bin/node-gyp-bin:/home/zlobi/code/labs/scootbob2/back-end/node_modules/.bin:/home/zlobi/.nvm/versions/node/v7.2.0/bin:/usr/local/sbin:/usr/local/bin:/usr/sbin:/usr/bin:/sbin:/bin:/usr/games:/usr/local/games:/snap/bin
10 verbose lifecycle backend@0.0.0~debug: CWD: /home/zlobi/code/labs/scootbob2/back-end
11 silly lifecycle backend@0.0.0~debug: Args: [ '-c', 'nodemon --inspect ./bin/www' ]
12 silly lifecycle backend@0.0.0~debug: Returned: code: 137  signal: null
13 info lifecycle backend@0.0.0~debug: Failed to exec debug script
14 verbose stack Error: backend@0.0.0 debug: `nodemon --inspect ./bin/www`
14 verbose stack Exit status 137
14 verbose stack     at EventEmitter.<anonymous> (/home/zlobi/.nvm/versions/node/v7.2.0/lib/node_modules/npm/lib/utils/lifecycle.js:255:16)
14 verbose stack     at emitTwo (events.js:106:13)
14 verbose stack     at EventEmitter.emit (events.js:191:7)
14 verbose stack     at ChildProcess.<anonymous> (/home/zlobi/.nvm/versions/node/v7.2.0/lib/node_modules/npm/lib/utils/spawn.js:40:14)
14 verbose stack     at emitTwo (events.js:106:13)
14 verbose stack     at ChildProcess.emit (events.js:191:7)
14 verbose stack     at maybeClose (internal/child_process.js:885:16)
14 verbose stack     at Process.ChildProcess._handle.onexit (internal/child_process.js:226:5)
15 verbose pkgid backend@0.0.0
16 verbose cwd /home/zlobi/code/labs/scootbob2/back-end
17 error Linux 4.15.0-42-generic
18 error argv "/home/zlobi/.nvm/versions/node/v7.2.0/bin/node" "/home/zlobi/.nvm/versions/node/v7.2.0/bin/npm" "run" "debug"
19 error node v7.2.0
20 error npm  v3.10.9
21 error code ELIFECYCLE
22 error backend@0.0.0 debug: `nodemon --inspect ./bin/www`
22 error Exit status 137
23 error Failed at the backend@0.0.0 debug script 'nodemon --inspect ./bin/www'.
23 error Make sure you have the latest version of node.js and npm installed.
23 error If you do, this is most likely a problem with the backend package,
23 error not with npm itself.
23 error Tell the author that this fails on your system:
23 error     nodemon --inspect ./bin/www
23 error You can get information on how to open an issue for this project with:
23 error     npm bugs backend
23 error Or if that isn't available, you can get their info via:
23 error     npm owner ls backend
23 error There is likely additional logging output above.
24 verbose exit [ 1, true ]
